<?xml version="1.0" encoding="UTF-8"?>
<!-- Generated by org.testng.reporters.JUnitXMLReporter -->
<testsuite ignored="0" hostname="dilinik" failures="0" tests="3" name="Surefire test" time="0.069" errors="0" timestamp="07 Apr 2021 02:51:47 GMT">
  <testcase classname="com.example.MathDemoTest" name="testAdd" time="0.032"/>
  <testcase classname="com.example.MathDemoTest" name="testMultification" time="0.0"/>
  <testcase classname="com.example.MathDemoTest" name="testSubtract" time="0.0"/>
</testsuite> <!-- Surefire test -->
