<?xml version="1.0" encoding="UTF-8"?>
<testng-results ignored="0" total="1" passed="1" failed="0" skipped="0">
  <reporter-output>
  </reporter-output>
  <suite started-at="2021-04-07T02:51:49Z" name="Surefire suite" finished-at="2021-04-07T02:51:49Z" duration-ms="71">
    <groups>
    </groups>
    <test started-at="2021-04-07T02:51:49Z" name="Surefire test" finished-at="2021-04-07T02:51:49Z" duration-ms="71">
      <class name="com.example.MathOperationTest">
        <test-method signature="testDoMath()[pri:0, instance:com.example.MathOperationTest@3533df16]" started-at="2021-04-07T02:51:49Z" name="testDoMath" finished-at="2021-04-07T02:51:49Z" duration-ms="7" status="PASS">
          <reporter-output>
          </reporter-output>
        </test-method> <!-- testDoMath -->
      </class> <!-- com.example.MathOperationTest -->
    </test> <!-- Surefire test -->
  </suite> <!-- Surefire suite -->
</testng-results>
