<?xml version="1.0" encoding="UTF-8"?>
<!-- Generated by org.testng.reporters.JUnitXMLReporter -->
<testsuite ignored="0" hostname="dilinik" failures="0" tests="3" name="Surefire test" time="0.062" errors="0" timestamp="07 Apr 2021 02:51:44 GMT">
  <testcase classname="com.example.Test1" name="whenEmptyString_thenAccept" time="0.02"/>
  <testcase classname="com.example.Test1" name="whenNearPalindrom_thanReject" time="0.0"/>
  <testcase classname="com.example.Test1" name="whenPalindrom_thenAccept" time="0.0"/>
</testsuite> <!-- Surefire test -->
