GROUP,PACKAGE,CLASS,INSTRUCTION_MISSED,INSTRUCTION_COVERED,BRANCH_MISSED,BRANCH_COVERED,LINE_MISSED,LINE_COVERED,COMPLEXITY_MISSED,COMPLEXITY_COVERED,METHOD_MISSED,METHOD_COVERED
Jaccoco_Testing_Project Code Coverage Report/Module1,com.example,Palindrome,0,38,0,6,0,7,0,5,0,2
Jaccoco_Testing_Project Code Coverage Report/Module2,com.example,MathCalculation1,22,0,0,0,4,0,2,0,2,0
Jaccoco_Testing_Project Code Coverage Report/Module2,com.example,Mathdemo,0,15,0,0,0,4,0,4,0,4
Jaccoco_Testing_Project Code Coverage Report/Module2,com.example,MathCalculation,22,0,0,0,4,0,2,0,2,0
Jaccoco_Testing_Project Code Coverage Report/Module3,com.example,Calculation,17,0,0,0,4,0,2,0,2,0
Jaccoco_Testing_Project Code Coverage Report/Module3,com.example,MathOperation,5,27,1,4,1,6,1,5,0,2
Jaccoco_Testing_Project Code Coverage Report/TestModule,com.example,Fun1,3,0,0,0,1,0,1,0,1,0
